21:34:35,083  INFO DefaultTestContextBootstrapper:259 - Loaded default TestExecutionListener class names from location [META-INF/spring.factories]: [org.springframework.test.context.web.ServletTestExecutionListener, org.springframework.test.context.support.DirtiesContextBeforeModesTestExecutionListener, org.springframework.test.context.support.DependencyInjectionTestExecutionListener, org.springframework.test.context.support.DirtiesContextTestExecutionListener, org.springframework.test.context.transaction.TransactionalTestExecutionListener, org.springframework.test.context.jdbc.SqlScriptsTestExecutionListener]
21:34:35,104  INFO DefaultTestContextBootstrapper:185 - Using TestExecutionListeners: [org.springframework.test.context.web.ServletTestExecutionListener@1e6f7cb, org.springframework.test.context.support.DirtiesContextBeforeModesTestExecutionListener@965654, org.springframework.test.context.support.DependencyInjectionTestExecutionListener@1fdd342, org.springframework.test.context.support.DirtiesContextTestExecutionListener@138b4ed, org.springframework.test.context.transaction.TransactionalTestExecutionListener@1ee5b36, org.springframework.test.context.jdbc.SqlScriptsTestExecutionListener@1a65a18]
21:34:35,506  INFO XmlBeanDefinitionReader:317 - Loading XML bean definitions from class path resource [applicationContext.xml]
21:34:35,826  INFO GenericApplicationContext:578 - Refreshing org.springframework.context.support.GenericApplicationContext@1da692f: startup date [Mon Mar 12 21:34:35 CST 2018]; root of context hierarchy
21:34:35,923  INFO PropertySourcesPlaceholderConfigurer:172 - Loading properties file from class path resource [jdbc.properties]
21:34:35,942  INFO AutowiredAnnotationBeanPostProcessor:153 - JSR-330 'javax.inject.Inject' annotation found and supported for autowiring
21:34:36,015  INFO MLog:80 - MLog clients using log4j logging.
21:34:36,359  INFO C3P0Registry:204 - Initializing c3p0-0.9.1.2 [built 21-May-2007 15:04:56; debug? true; trace: 10]
21:34:36,507  INFO LocalContainerEntityManagerFactoryBean:339 - Building JPA container EntityManagerFactory for persistence unit 'default'
21:34:36,508  WARN HibernatePersistence:41 - HHH015016: Encountered a deprecated javax.persistence.spi.PersistenceProvider [org.hibernate.ejb.HibernatePersistence]; use [org.hibernate.jpa.HibernatePersistenceProvider] instead.
21:34:36,516  INFO LogHelper:31 - HHH000204: Processing PersistenceUnitInfo [
	name: default
	...]
21:34:36,621  INFO Version:37 - HHH000412: Hibernate Core {5.0.7.Final}
21:34:36,623  INFO Environment:213 - HHH000206: hibernate.properties not found
21:34:36,625  INFO Environment:317 - HHH000021: Bytecode provider name : javassist
21:34:36,683  INFO Version:66 - HCANN000001: Hibernate Commons Annotations {5.0.1.Final}
21:34:36,859  INFO AbstractPoolBackedDataSource:462 - Initializing c3p0 pool... com.mchange.v2.c3p0.ComboPooledDataSource [ acquireIncrement -> 3, acquireRetryAttempts -> 30, acquireRetryDelay -> 1000, autoCommitOnClose -> false, automaticTestTable -> null, breakAfterAcquireFailure -> false, checkoutTimeout -> 0, connectionCustomizerClassName -> null, connectionTesterClassName -> com.mchange.v2.c3p0.impl.DefaultConnectionTester, dataSourceName -> 1hgeiv59u7bwgez4hxon2|1f3d6cd, debugUnreturnedConnectionStackTraces -> false, description -> null, driverClass -> oracle.jdbc.driver.OracleDriver, factoryClassLocation -> null, forceIgnoreUnresolvedTransactions -> false, identityToken -> 1hgeiv59u7bwgez4hxon2|1f3d6cd, idleConnectionTestPeriod -> 0, initialPoolSize -> 3, jdbcUrl -> jdbc:oracle:thin:@192.168.91.100:1521:ORCL, maxAdministrativeTaskTime -> 0, maxConnectionAge -> 0, maxIdleTime -> 0, maxIdleTimeExcessConnections -> 0, maxPoolSize -> 15, maxStatements -> 0, maxStatementsPerConnection -> 0, minPoolSize -> 3, numHelperThreads -> 3, numThreadsAwaitingCheckoutDefaultUser -> 0, preferredTestQuery -> null, properties -> {user=******, password=******}, propertyCycle -> 0, testConnectionOnCheckin -> false, testConnectionOnCheckout -> false, unreturnedConnectionTimeout -> 0, usesTraditionalReflectiveProxies -> false ]
21:34:37,034  INFO Dialect:156 - HHH000400: Using dialect: org.hibernate.dialect.Oracle10gDialect
21:34:37,136  INFO LobCreatorBuilderImpl:124 - HHH000424: Disabling contextual LOB creation as createClob() method threw error : java.lang.reflect.InvocationTargetException
21:34:37,787  INFO SchemaUpdate:105 - HHH000228: Running hbm2ddl schema update
21:34:41,218  INFO QueryTranslatorFactoryInitiator:47 - HHH000397: Using ASTQueryTranslatorFactory
21:34:41,300  WARN HqlSqlWalker:992 - [DEPRECATION] Encountered positional parameter near line 1, column 52 in HQL: [from com.robin.bos.domain.base.Standard where name=?].  Positional parameter are considered deprecated; use named parameters or JPA-style positional parameters instead.
21:34:41,449  INFO GenericApplicationContext:960 - Closing org.springframework.context.support.GenericApplicationContext@1da692f: startup date [Mon Mar 12 21:34:35 CST 2018]; root of context hierarchy
21:34:41,450  INFO LocalContainerEntityManagerFactoryBean:462 - Closing JPA EntityManagerFactory for persistence unit 'default'
21:37:52,299  INFO DefaultTestContextBootstrapper:259 - Loaded default TestExecutionListener class names from location [META-INF/spring.factories]: [org.springframework.test.context.web.ServletTestExecutionListener, org.springframework.test.context.support.DirtiesContextBeforeModesTestExecutionListener, org.springframework.test.context.support.DependencyInjectionTestExecutionListener, org.springframework.test.context.support.DirtiesContextTestExecutionListener, org.springframework.test.context.transaction.TransactionalTestExecutionListener, org.springframework.test.context.jdbc.SqlScriptsTestExecutionListener]
21:37:52,320  INFO DefaultTestContextBootstrapper:185 - Using TestExecutionListeners: [org.springframework.test.context.web.ServletTestExecutionListener@965654, org.springframework.test.context.support.DirtiesContextBeforeModesTestExecutionListener@1fdd342, org.springframework.test.context.support.DependencyInjectionTestExecutionListener@138b4ed, org.springframework.test.context.support.DirtiesContextTestExecutionListener@1ee5b36, org.springframework.test.context.transaction.TransactionalTestExecutionListener@1a65a18, org.springframework.test.context.jdbc.SqlScriptsTestExecutionListener@64eff0]
21:37:52,670  INFO XmlBeanDefinitionReader:317 - Loading XML bean definitions from class path resource [applicationContext.xml]
21:37:53,002  INFO GenericApplicationContext:578 - Refreshing org.springframework.context.support.GenericApplicationContext@2fbdd2: startup date [Mon Mar 12 21:37:53 CST 2018]; root of context hierarchy
21:37:53,101  INFO PropertySourcesPlaceholderConfigurer:172 - Loading properties file from class path resource [jdbc.properties]
21:37:53,123  INFO AutowiredAnnotationBeanPostProcessor:153 - JSR-330 'javax.inject.Inject' annotation found and supported for autowiring
21:37:53,193  INFO MLog:80 - MLog clients using log4j logging.
21:37:53,555  INFO C3P0Registry:204 - Initializing c3p0-0.9.1.2 [built 21-May-2007 15:04:56; debug? true; trace: 10]
21:37:53,701  INFO LocalContainerEntityManagerFactoryBean:339 - Building JPA container EntityManagerFactory for persistence unit 'default'
21:37:53,701  WARN HibernatePersistence:41 - HHH015016: Encountered a deprecated javax.persistence.spi.PersistenceProvider [org.hibernate.ejb.HibernatePersistence]; use [org.hibernate.jpa.HibernatePersistenceProvider] instead.
21:37:53,710  INFO LogHelper:31 - HHH000204: Processing PersistenceUnitInfo [
	name: default
	...]
21:37:53,810  INFO Version:37 - HHH000412: Hibernate Core {5.0.7.Final}
21:37:53,814  INFO Environment:213 - HHH000206: hibernate.properties not found
21:37:53,816  INFO Environment:317 - HHH000021: Bytecode provider name : javassist
21:37:53,876  INFO Version:66 - HCANN000001: Hibernate Commons Annotations {5.0.1.Final}
21:37:54,073  INFO AbstractPoolBackedDataSource:462 - Initializing c3p0 pool... com.mchange.v2.c3p0.ComboPooledDataSource [ acquireIncrement -> 3, acquireRetryAttempts -> 30, acquireRetryDelay -> 1000, autoCommitOnClose -> false, automaticTestTable -> null, breakAfterAcquireFailure -> false, checkoutTimeout -> 0, connectionCustomizerClassName -> null, connectionTesterClassName -> com.mchange.v2.c3p0.impl.DefaultConnectionTester, dataSourceName -> 1hgeiv59u7c0ok81b8b9ef|1a0a62a, debugUnreturnedConnectionStackTraces -> false, description -> null, driverClass -> oracle.jdbc.driver.OracleDriver, factoryClassLocation -> null, forceIgnoreUnresolvedTransactions -> false, identityToken -> 1hgeiv59u7c0ok81b8b9ef|1a0a62a, idleConnectionTestPeriod -> 0, initialPoolSize -> 3, jdbcUrl -> jdbc:oracle:thin:@192.168.91.100:1521:ORCL, maxAdministrativeTaskTime -> 0, maxConnectionAge -> 0, maxIdleTime -> 0, maxIdleTimeExcessConnections -> 0, maxPoolSize -> 15, maxStatements -> 0, maxStatementsPerConnection -> 0, minPoolSize -> 3, numHelperThreads -> 3, numThreadsAwaitingCheckoutDefaultUser -> 0, preferredTestQuery -> null, properties -> {user=******, password=******}, propertyCycle -> 0, testConnectionOnCheckin -> false, testConnectionOnCheckout -> false, unreturnedConnectionTimeout -> 0, usesTraditionalReflectiveProxies -> false ]
21:37:54,267  INFO Dialect:156 - HHH000400: Using dialect: org.hibernate.dialect.Oracle10gDialect
21:37:54,370  INFO LobCreatorBuilderImpl:124 - HHH000424: Disabling contextual LOB creation as createClob() method threw error : java.lang.reflect.InvocationTargetException
21:37:55,021  INFO SchemaUpdate:105 - HHH000228: Running hbm2ddl schema update
21:37:56,406  INFO QueryTranslatorFactoryInitiator:47 - HHH000397: Using ASTQueryTranslatorFactory
21:37:56,488  WARN HqlSqlWalker:992 - [DEPRECATION] Encountered positional parameter near line 1, column 52 in HQL: [from com.robin.bos.domain.base.Standard where name=?].  Positional parameter are considered deprecated; use named parameters or JPA-style positional parameters instead.
21:37:56,608  INFO GenericApplicationContext:960 - Closing org.springframework.context.support.GenericApplicationContext@2fbdd2: startup date [Mon Mar 12 21:37:53 CST 2018]; root of context hierarchy
21:37:56,609  INFO LocalContainerEntityManagerFactoryBean:462 - Closing JPA EntityManagerFactory for persistence unit 'default'
